<?xml version="1.0" encoding="UTF-8"?>
<!-- Generated by org.testng.reporters.JUnitReportReporter -->
<testsuite hostname="spbpc89" name="com.example.tests.AlsoGroupCreationTests" tests="2" failures="0" timestamp="18 Dec 2013 11:44:59 GMT" time="4.417" errors="0">
  <testcase name="testEmptyGroupCreation" time="1.826" classname="com.example.tests.AlsoGroupCreationTests"/>
  <testcase name="testNonEmptyGroupCreation" time="2.591" classname="com.example.tests.AlsoGroupCreationTests"/>
</testsuite> <!-- com.example.tests.AlsoGroupCreationTests -->
