<?xml version="1.0" encoding="UTF-8"?>
<!-- Generated by org.testng.reporters.JUnitReportReporter -->
<testsuite hostname="spbpc89" name="com.example.tests.GroupCreationTests" tests="2" failures="0" timestamp="18 Dec 2013 11:44:59 GMT" time="5.098" errors="0">
  <testcase name="testEmptyGroupCreation" time="1.952" classname="com.example.tests.GroupCreationTests"/>
  <testcase name="testNonEmptyGroupCreation" time="3.146" classname="com.example.tests.GroupCreationTests"/>
</testsuite> <!-- com.example.tests.GroupCreationTests -->
