<?xml version="1.0" encoding="UTF-8"?>
<!-- Generated by org.testng.reporters.JUnitReportReporter -->
<testsuite hostname="spbpc89" name="com.example.tests.AddressBookTests" tests="2" failures="0" timestamp="18 Dec 2013 11:44:59 GMT" time="10.494" errors="0">
  <testcase name="testNotEmptyAddressBook" time="4.834" classname="com.example.tests.AddressBookTests"/>
  <testcase name="testEmptyAddressBook" time="5.660" classname="com.example.tests.AddressBookTests"/>
</testsuite> <!-- com.example.tests.AddressBookTests -->
