<?xml version="1.0" encoding="UTF-8"?>
<!-- Generated by org.testng.reporters.JUnitReportReporter -->
<testsuite hostname="spbpc89" name="com.example.tests.AlsoGroupCreationTests" tests="2" failures="0" timestamp="18 Dec 2013 09:13:30 GMT" time="3.757" errors="0">
  <testcase name="testNonEmptyGroupCreation" time="2.018" classname="com.example.tests.AlsoGroupCreationTests"/>
  <testcase name="testEmptyGroupCreation" time="1.739" classname="com.example.tests.AlsoGroupCreationTests"/>
</testsuite> <!-- com.example.tests.AlsoGroupCreationTests -->
